
错误url=http:///
2014-06-30 08:56:55  	[2]parse_url(http://) [<a href='function.parse-url'>function.parse-url</a>]: Unable to parse URL	\includes\subdomain.inc.php	50

错误url=http:///
2014-06-30 09:23:20  	[2]parse_url(http://) [<a href='function.parse-url'>function.parse-url</a>]: Unable to parse URL	\includes\subdomain.inc.php	50

错误url=http:///
2014-06-30 10:23:05  	[2]parse_url(http://) [<a href='function.parse-url'>function.parse-url</a>]: Unable to parse URL	\includes\subdomain.inc.php	50

错误url=http:///
2014-06-30 10:35:20  	[2]parse_url(http://) [<a href='function.parse-url'>function.parse-url</a>]: Unable to parse URL	\includes\subdomain.inc.php	50

错误url=http:///
2014-06-30 11:05:24  	[2]parse_url(http://) [<a href='function.parse-url'>function.parse-url</a>]: Unable to parse URL	\includes\subdomain.inc.php	50

错误url=http:///
2014-06-30 12:32:44  	[2]parse_url(http://) [<a href='function.parse-url'>function.parse-url</a>]: Unable to parse URL	\includes\subdomain.inc.php	50

错误url=http:///
2014-06-30 15:00:29  	[2]parse_url(http://) [<a href='function.parse-url'>function.parse-url</a>]: Unable to parse URL	\includes\subdomain.inc.php	50

错误url=http://192.168.0.137/weixin/index.php?app=jkxd_portal&act=my_jkxd
2014-06-30 17:09:08  	[256]MySQL Error[1064]: You have an error in your SQL syntax; check the manual that corresponds to your MySQL server version for the right syntax to use near '' at line 1
MySQL Query:SELECT *,member.user_id FROM ecm_member member WHERE user_id=
Wrong File:  D:\wamp\www\eccore\model\mysql.php[558]	\eccore\model\mysql.php	310

错误url=http://192.168.0.137/weixin/index.php?app=jkxd_portal&act=my_jkxd&u_id=3
2014-06-30 17:09:09  	[256]MySQL Error[1064]: You have an error in your SQL syntax; check the manual that corresponds to your MySQL server version for the right syntax to use near '' at line 1
MySQL Query:SELECT *,member.user_id FROM ecm_member member WHERE user_id=
Wrong File:  D:\wamp\www\eccore\model\mysql.php[558]	\eccore\model\mysql.php	310
