
错误url=http://192.168.0.137/weixin/index.php?app=jkxd_portal&act=vshop_list&id=2&type=localHot&&goodCateId=1568
2014-05-22 10:54:14  	[256]MySQL Error[1054]: Unknown column 'g.cate_id' in 'where clause'
MySQL Query:SELECT COUNT(DISTINCT goods_id)
                   FROM ecm_vshop_recom_goods vg
                   WHERE vg.region_id=2717 AND vg.STATUS=1 AND vg.POSITION=1 and g.cate_id=1568
Wrong File:  D:\wamp\www\eccore\model\mysql.php[482]	\eccore\model\mysql.php	310

错误url=http://192.168.0.137/weixin/index.php?app=jkxd_portal&act=vshop_list&id=2&type=localHot&&goodCateId=1568
2014-05-22 10:54:35  	[256]MySQL Error[1054]: Unknown column 'g.cate_id' in 'where clause'
MySQL Query:SELECT COUNT(DISTINCT goods_id)
                   FROM ecm_vshop_recom_goods vg
                   WHERE vg.region_id=2717 AND vg.STATUS=1 AND vg.POSITION=1 and g.cate_id=1568
Wrong File:  D:\wamp\www\eccore\model\mysql.php[482]	\eccore\model\mysql.php	310

错误url=http://192.168.0.137/weixin/index.php?app=jkxd_portal&act=vshop_list&id=2&type=localHot&&goodCateId=1572
2014-05-22 10:54:37  	[256]MySQL Error[1054]: Unknown column 'g.cate_id' in 'where clause'
MySQL Query:SELECT COUNT(DISTINCT goods_id)
                   FROM ecm_vshop_recom_goods vg
                   WHERE vg.region_id=2717 AND vg.STATUS=1 AND vg.POSITION=1 and g.cate_id=1572
Wrong File:  D:\wamp\www\eccore\model\mysql.php[482]	\eccore\model\mysql.php	310

错误url=http://192.168.0.137/weixin/index.php?app=jkxd_portal&act=vshop_list&id=2&type=localHot&&goodCateId=1568
2014-05-22 10:54:40  	[256]MySQL Error[1054]: Unknown column 'g.cate_id' in 'where clause'
MySQL Query:SELECT COUNT(DISTINCT goods_id)
                   FROM ecm_vshop_recom_goods vg
                   WHERE vg.region_id=2717 AND vg.STATUS=1 AND vg.POSITION=1 and g.cate_id=1568
Wrong File:  D:\wamp\www\eccore\model\mysql.php[482]	\eccore\model\mysql.php	310

错误url=http://192.168.0.137/weixin/index.php?app=jkxd_portal&act=vshop_list&id=2&type=localHot&&goodCateId=1568
2014-05-22 10:56:05  	[256]MySQL Error[1054]: Unknown column 'g.cate_id' in 'where clause'
MySQL Query:SELECT COUNT(DISTINCT goods_id)
                   FROM ecm_vshop_recom_goods vg
                   WHERE vg.region_id=2717 AND vg.STATUS=1 AND vg.POSITION=1 and g.cate_id=1568
Wrong File:  D:\wamp\www\eccore\model\mysql.php[482]	\eccore\model\mysql.php	310

错误url=http://192.168.0.137/weixin/index.php?app=jkxd_portal&act=vshop_list&id=2&type=localHot&&goodCateId=1568
2014-05-22 10:56:08  	[256]MySQL Error[1054]: Unknown column 'g.cate_id' in 'where clause'
MySQL Query:SELECT COUNT(DISTINCT goods_id)
                   FROM ecm_vshop_recom_goods vg
                   WHERE vg.region_id=2717 AND vg.STATUS=1 AND vg.POSITION=1 and g.cate_id=1568
Wrong File:  D:\wamp\www\eccore\model\mysql.php[482]	\eccore\model\mysql.php	310

错误url=http://192.168.0.137/weixin/index.php?app=jkxd_portal&act=vshop_list&id=2&type=localHot&&goodCateId=1568
2014-05-22 10:57:14  	[256]MySQL Error[1054]: Unknown column 'g.cate_id' in 'where clause'
MySQL Query:SELECT COUNT(DISTINCT goods_id)
                   FROM ecm_vshop_recom_goods vg
                   WHERE vg.region_id=2717 AND vg.STATUS=1 AND vg.POSITION=1 and g.cate_id=1568
Wrong File:  D:\wamp\www\eccore\model\mysql.php[482]	\eccore\model\mysql.php	310

错误url=http://192.168.0.137/weixin/index.php?app=jkxd_portal&act=vshop_list&id=2&type=localHot&&goodCateId=1572
2014-05-22 10:57:16  	[256]MySQL Error[1054]: Unknown column 'g.cate_id' in 'where clause'
MySQL Query:SELECT COUNT(DISTINCT goods_id)
                   FROM ecm_vshop_recom_goods vg
                   WHERE vg.region_id=2717 AND vg.STATUS=1 AND vg.POSITION=1 and g.cate_id=1572
Wrong File:  D:\wamp\www\eccore\model\mysql.php[482]	\eccore\model\mysql.php	310

错误url=http://192.168.0.137/weixin/index.php?app=jkxd_portal&act=vshop_list&id=2&type=localHot&&goodCateId=1568
2014-05-22 10:57:48  	[256]MySQL Error[1054]: Unknown column 'g.cate_id' in 'where clause'
MySQL Query:SELECT COUNT(DISTINCT goods_id)
                   FROM ecm_vshop_recom_goods vg
                   WHERE vg.region_id=2717 AND vg.STATUS=1 AND vg.POSITION=1 and g.cate_id=1568
Wrong File:  D:\wamp\www\eccore\model\mysql.php[482]	\eccore\model\mysql.php	310

错误url=http://192.168.0.137/weixin/index.php?app=jkxd_portal&act=vshop_list&id=2&type=localHot&&goodCateId=1568
2014-05-22 10:58:34  	[256]MySQL Error[1054]: Unknown column 'g.cate_id' in 'where clause'
MySQL Query:SELECT COUNT(DISTINCT goods_id)
                   FROM ecm_vshop_recom_goods vg
                   WHERE vg.region_id=2717 AND vg.STATUS=1 AND vg.POSITION=1 and g.cate_id=1568
Wrong File:  D:\wamp\www\eccore\model\mysql.php[482]	\eccore\model\mysql.php	310

错误url=http://192.168.0.137/weixin/index.php?app=jkxd_portal&act=vshop_list&id=2&type=localHot&&goodCateId=1568
2014-05-22 10:58:37  	[256]MySQL Error[1054]: Unknown column 'g.cate_id' in 'where clause'
MySQL Query:SELECT COUNT(DISTINCT goods_id)
                   FROM ecm_vshop_recom_goods vg
                   WHERE vg.region_id=2717 AND vg.STATUS=1 AND vg.POSITION=1 and g.cate_id=1568
Wrong File:  D:\wamp\www\eccore\model\mysql.php[482]	\eccore\model\mysql.php	310

错误url=http://192.168.0.137/weixin/index.php?app=jkxd_portal&act=vshop_list&id=2&type=localHot&&goodCateId=1568
2014-05-22 10:58:38  	[256]MySQL Error[1054]: Unknown column 'g.cate_id' in 'where clause'
MySQL Query:SELECT COUNT(DISTINCT goods_id)
                   FROM ecm_vshop_recom_goods vg
                   WHERE vg.region_id=2717 AND vg.STATUS=1 AND vg.POSITION=1 and g.cate_id=1568
Wrong File:  D:\wamp\www\eccore\model\mysql.php[482]	\eccore\model\mysql.php	310

错误url=http://192.168.0.137/weixin/index.php?app=jkxd_portal&act=vshop_list&id=2&type=localHot&&goodCateId=1568
2014-05-22 10:58:40  	[256]MySQL Error[1054]: Unknown column 'g.cate_id' in 'where clause'
MySQL Query:SELECT COUNT(DISTINCT goods_id)
                   FROM ecm_vshop_recom_goods vg
                   WHERE vg.region_id=2717 AND vg.STATUS=1 AND vg.POSITION=1 and g.cate_id=1568
Wrong File:  D:\wamp\www\eccore\model\mysql.php[482]	\eccore\model\mysql.php	310

错误url=http://192.168.0.137/index.php?app=jkxd_portal&act=vshop_list&type=localHot&id=2&topCateId=&goodCateId=1568&order_by=start_time&desc_asc=desc
2014-05-22 11:02:25  	[256]MySQL Error[1052]: Column 'goods_id' in field list is ambiguous
MySQL Query:SELECT COUNT(DISTINCT goods_id)
                   FROM ecm_vshop_recom_goods vg LEFT JOIN ecm_goods g ON vg.goods_id=g.goods_id
                   WHERE vg.region_id=2717 AND vg.STATUS=1 AND vg.POSITION=1 and g.cate_id=1568
Wrong File:  D:\wamp\www\eccore\model\mysql.php[482]	\eccore\model\mysql.php	310

错误url=http://192.168.0.137/weixin/index.php?app=jkxd_portal&act=vshop&id=2
2014-05-22 11:03:32  	[256]MySQL Error[1052]: Column 'goods_id' in field list is ambiguous
MySQL Query:SELECT COUNT(DISTINCT goods_id)
                   FROM ecm_vshop_recom_goods vg  LEFT JOIN ecm_goods g ON vg.goods_id=g.goods_id
                   WHERE vg.region_id=2717 AND vg.STATUS=1 AND vg.POSITION=1
Wrong File:  D:\wamp\www\eccore\model\mysql.php[482]	\eccore\model\mysql.php	310

错误url=http://192.168.0.137/index.php?app=service&act=service&p=service&tuoguan=1
2014-05-22 17:18:54  	[2]Division by zero	\includes\ecapp.base.php	806

错误url=http://192.168.0.137/index.php?app=service&act=service&p=service&tuoguan=1
2014-05-22 17:23:40  	[2]Division by zero	\includes\ecapp.base.php	806
